Determining if the pthread_create exist failed with the following output:
Change Dir: /home/paul/paul-rtech/build/CMakeFiles/CMakeTmp

Run Build Command:"/usr/bin/make" "cmTC_6b1ef/fast"
/usr/bin/make -f CMakeFiles/cmTC_6b1ef.dir/build.make CMakeFiles/cmTC_6b1ef.dir/build
make[1]: Entering directory '/home/paul/paul-rtech/build/CMakeFiles/CMakeTmp'
Building C object CMakeFiles/cmTC_6b1ef.dir/CheckSymbolExists.c.o
/usr/bin/cc     -o CMakeFiles/cmTC_6b1ef.dir/CheckSymbolExists.c.o   -c /home/paul/paul-rtech/build/CMakeFiles/CMakeTmp/CheckSymbolExists.c
Linking C executable cmTC_6b1ef
/usr/bin/cmake -E cmake_link_script CMakeFiles/cmTC_6b1ef.dir/link.txt --verbose=1
/usr/bin/cc       CMakeFiles/cmTC_6b1ef.dir/CheckSymbolExists.c.o  -o cmTC_6b1ef -rdynamic 
CMakeFiles/cmTC_6b1ef.dir/CheckSymbolExists.c.o: In function `main':
CheckSymbolExists.c:(.text+0x16): undefined reference to `pthread_create'
collect2: error: ld returned 1 exit status
CMakeFiles/cmTC_6b1ef.dir/build.make:97: recipe for target 'cmTC_6b1ef' failed
make[1]: *** [cmTC_6b1ef] Error 1
make[1]: Leaving directory '/home/paul/paul-rtech/build/CMakeFiles/CMakeTmp'
Makefile:126: recipe for target 'cmTC_6b1ef/fast' failed
make: *** [cmTC_6b1ef/fast] Error 2

File /home/paul/paul-rtech/build/CMakeFiles/CMakeTmp/CheckSymbolExists.c:
/* */
#include <pthread.h>

int main(int argc, char** argv)
{
  (void)argv;
#ifndef pthread_create
  return ((int*)(&pthread_create))[argc];
#else
  (void)argc;
  return 0;
#endif
}

Determining if the function pthread_create exists in the pthreads failed with the following output:
Change Dir: /home/paul/paul-rtech/build/CMakeFiles/CMakeTmp

Run Build Command:"/usr/bin/make" "cmTC_9e7ac/fast"
/usr/bin/make -f CMakeFiles/cmTC_9e7ac.dir/build.make CMakeFiles/cmTC_9e7ac.dir/build
make[1]: Entering directory '/home/paul/paul-rtech/build/CMakeFiles/CMakeTmp'
Building C object CMakeFiles/cmTC_9e7ac.dir/CheckFunctionExists.c.o
/usr/bin/cc    -DCHECK_FUNCTION_EXISTS=pthread_create   -o CMakeFiles/cmTC_9e7ac.dir/CheckFunctionExists.c.o   -c /usr/share/cmake-3.5/Modules/CheckFunctionExists.c
Linking C executable cmTC_9e7ac
/usr/bin/cmake -E cmake_link_script CMakeFiles/cmTC_9e7ac.dir/link.txt --verbose=1
/usr/bin/cc   -DCHECK_FUNCTION_EXISTS=pthread_create    CMakeFiles/cmTC_9e7ac.dir/CheckFunctionExists.c.o  -o cmTC_9e7ac -rdynamic -lpthreads 
/usr/bin/ld: cannot find -lpthreads
collect2: error: ld returned 1 exit status
CMakeFiles/cmTC_9e7ac.dir/build.make:97: recipe for target 'cmTC_9e7ac' failed
make[1]: *** [cmTC_9e7ac] Error 1
make[1]: Leaving directory '/home/paul/paul-rtech/build/CMakeFiles/CMakeTmp'
Makefile:126: recipe for target 'cmTC_9e7ac/fast' failed
make: *** [cmTC_9e7ac/fast] Error 2


